<?xml version="1.0" encoding="UTF-8"?>
<!-- Generated by org.testng.reporters.JUnitReportReporter -->
<testsuite skipped="0" hostname="LAPTOP-BIJL3HUR" name="test.AddCustomerTest" tests="1" failures="0" timestamp="2022-05-23T19:54:14 CDT" time="5.669" errors="0">
  <testcase name="vailidUserShouldBeAbleToCreateCustomer" time="5.669" classname="test.AddCustomerTest"/>
  <system-out/>
</testsuite> <!-- test.AddCustomerTest -->
