<?xml version="1.0" encoding="UTF-8"?>
<!-- Generated by org.testng.reporters.JUnitReportReporter -->
<testsuite skipped="0" hostname="LAPTOP-BIJL3HUR" name="test.LoginTest" tests="1" failures="0" timestamp="2022-05-27T17:10:37 CDT" time="4.725" errors="0">
  <testcase name="valiUserShouldBeAbleToLogin" time="4.725" classname="test.LoginTest"/>
  <system-out/>
</testsuite> <!-- test.LoginTest -->
